This file contains any messages produced by compilers while
running configure, to aid debugging if configure makes a mistake.

It was created by yaksa configure unreleased, which was
generated by GNU Autoconf 2.69.  Invocation command line was

  $ ./configure --disable-option-checking --prefix=/storage/home/hhive1/hhuang368/scratch/mpich/3.4b1/intel/19.0.5/cuda/10.1 --enable-embedded --enable-g=all --enable-fast=none --enable-fortran=all --enable-cxx --enable-threads=multiple --enable-shared --enable-static --with-device=ch4:ucx CC=icc CFLAGS=-I/usr/local/pace-apps/manual/packages/cuda/10.1/include   LDFLAGS=-L/usr/local/pace-apps/manual/packages/cuda/10.1/lib64 CPPFLAGS=-I/usr/local/pace-apps/manual/packages/cuda/10.1/include  -DNETMOD_INLINE=__netmod_inline_ucx__ -I/storage/home/hhive1/hhuang368/scratch/mpich-3.4b1-src/src/mpl/include -I/storage/home/hhive1/hhuang368/scratch/mpich-3.4b1-src/src/mpl/include CXX=icpc FC=ifort F77=ifort --cache-file=/dev/null --srcdir=.

## --------- ##
## Platform. ##
## --------- ##

hostname = atl1-1-01-018-33.pace.gatech.edu
uname -m = x86_64
uname -r = 3.10.0-957.12.1.el7.x86_64
uname -s = Linux
uname -v = #1 SMP Wed Mar 20 11:34:37 UTC 2019

/usr/bin/uname -p = x86_64
/bin/uname -X     = unknown

/bin/arch              = x86_64
/usr/bin/arch -k       = unknown
/usr/convex/getsysinfo = unknown
/usr/bin/hostinfo      = unknown
/bin/machine           = unknown
/usr/bin/oslevel       = unknown
/bin/universe          = unknown

PATH: /storage/home/hhive1/hhuang368/scratch/SPARC/lib
PATH: /usr/local/pace-apps/manual/packages/xalt/2.8.4/bin
PATH: /usr/local/pace-apps/manual/packages/cuda/10.1/bin
PATH: /usr/local/pace-apps/manual/packages/cuda/10.1/samples/bin/x86_64/linux/release
PATH: /usr/local/pace-apps/spack/packages/0.13/linux-rhel7-x86_64/gcc-4.8.5/cmake-3.15.5-h3em34lxdxrbwlcc7k66qknqjo73cgkz/bin
PATH: /usr/local/pace-apps/spack/packages/0.13/linux-rhel7-x86_64/gcc-4.8.5/git-2.25.0-n235n6ifgpcwmqbcpgo45fwwnjb2lfwa/bin
PATH: /usr/local/pace-apps/manual/packages/pace-scs/bin
PATH: /usr/local/pace-apps/manual/packages/pace/bin
PATH: /opt/TurboVNC/bin
PATH: /usr/local/pace-apps/spack/packages/0.12/linux-rhel7-x86_64/gcc-4.8.5/gcc-8.3.0-opnwtdjumg2hxo4ljvnx77ugb6afmvj3/bin
PATH: /usr/local/pace-apps/spack/packages/0.13/linux-rhel7-x86_64/gcc-4.8.5/intel-parallel-studio-cluster.2019.5-rde2uvgb2mq2x6obqaklxppmycfngjgm/advisor_2019.5.0.602216/bin64
PATH: /usr/local/pace-apps/spack/packages/0.13/linux-rhel7-x86_64/gcc-4.8.5/intel-parallel-studio-cluster.2019.5-rde2uvgb2mq2x6obqaklxppmycfngjgm/vtune_amplifier_2019.6.0.602217/bin64
PATH: /usr/local/pace-apps/spack/packages/0.13/linux-rhel7-x86_64/gcc-4.8.5/intel-parallel-studio-cluster.2019.5-rde2uvgb2mq2x6obqaklxppmycfngjgm/inspector_2019.5.0.602103/bin64
PATH: /usr/local/pace-apps/spack/packages/0.13/linux-rhel7-x86_64/gcc-4.8.5/intel-parallel-studio-cluster.2019.5-rde2uvgb2mq2x6obqaklxppmycfngjgm/itac/2019.5.041/intel64/bin
PATH: /usr/local/pace-apps/spack/packages/0.13/linux-rhel7-x86_64/gcc-4.8.5/intel-parallel-studio-cluster.2019.5-rde2uvgb2mq2x6obqaklxppmycfngjgm/clck/2019.5/bin/intel64
PATH: /usr/local/pace-apps/spack/packages/0.13/linux-rhel7-x86_64/gcc-4.8.5/intel-parallel-studio-cluster.2019.5-rde2uvgb2mq2x6obqaklxppmycfngjgm/compilers_and_libraries_2019.5.281/linux/bin/intel64
PATH: /usr/local/pace-apps/spack/packages/0.13/linux-rhel7-x86_64/gcc-4.8.5/intel-parallel-studio-cluster.2019.5-rde2uvgb2mq2x6obqaklxppmycfngjgm/compilers_and_libraries_2019.5.281/linux/bin
PATH: /usr/local/pace-apps/spack/packages/0.13/linux-rhel7-x86_64/gcc-4.8.5/intel-parallel-studio-cluster.2019.5-rde2uvgb2mq2x6obqaklxppmycfngjgm/compilers_and_libraries_2019.5.281/linux/mpi/intel64/libfabric/bin
PATH: /usr/local/pace-apps/spack/packages/0.13/linux-rhel7-x86_64/gcc-4.8.5/intel-parallel-studio-cluster.2019.5-rde2uvgb2mq2x6obqaklxppmycfngjgm/compilers_and_libraries_2019.5.281/linux/mpi/intel64/bin
PATH: /usr/local/pace-apps/spack/packages/0.13/linux-rhel7-x86_64/gcc-4.8.5/intel-parallel-studio-cluster.2019.5-rde2uvgb2mq2x6obqaklxppmycfngjgm/debugger_2019/gdb/intel64/bin
PATH: /usr/local/pace-apps/spack/packages/0.13/linux-rhel7-x86_64/gcc-4.8.5/intel-parallel-studio-cluster.2019.5-rde2uvgb2mq2x6obqaklxppmycfngjgm/bin
PATH: /opt/torque/current/sbin
PATH: /opt/torque/current/bin
PATH: /opt/pace/bin
PATH: /opt/pace/sbin
PATH: /usr/lpp/mmfs/bin
PATH: /opt/moab/current/bin
PATH: /usr/lib64/ccache
PATH: /bin
PATH: /usr/bin
PATH: /usr/local/sbin
PATH: /usr/sbin
PATH: /opt/ibutils/bin
PATH: /usr/local/pace-apps/spack/packages/0.13/linux-rhel7-x86_64/gcc-4.8.5/intel-parallel-studio-cluster.2019.5-rde2uvgb2mq2x6obqaklxppmycfngjgm/parallel_studio_xe_2019.5.075/bin
PATH: /storage/home/hhive1/hhuang368/bin


## ----------- ##
## Core tests. ##
## ----------- ##

configure:2395: checking for a BSD-compatible install
configure:2463: result: /bin/install -c
configure:2474: checking whether build environment is sane
configure:2529: result: yes
configure:2680: checking for a thread-safe mkdir -p
configure:2719: result: /bin/mkdir -p
configure:2726: checking for gawk
configure:2742: found /bin/gawk
configure:2753: result: gawk
configure:2764: checking whether make sets $(MAKE)
configure:2786: result: yes
configure:2815: checking whether make supports nested variables
configure:2832: result: yes
configure:2969: checking whether make supports nested variables
configure:2986: result: yes
configure:3017: checking for style of include used by make
configure:3045: result: GNU
configure:3116: checking for gcc
configure:3143: result: icc
configure:3372: checking for C compiler version
configure:3381: icc --version >&5
icc (ICC) 19.0.5.281 20190815
Copyright (C) 1985-2019 Intel Corporation.  All rights reserved.

configure:3392: $? = 0
configure:3381: icc -v >&5
icc version 19.0.5.281 (gcc version 8.3.0 compatibility)
/usr/local/pace-apps/manual/packages/xalt/2.8.4/bin/ld    /lib/../lib64/crt1.o /lib/../lib64/crti.o /storage/pace-apps/spack/packages/0.12/linux-rhel7-x86_64/gcc-4.8.5/gcc-8.3.0-opnwtdjumg2hxo4ljvnx77ugb6afmvj3/bin/../lib/gcc/x86_64-pc-linux-gnu/8.3.0/crtbegin.o --eh-frame-hdr --build-id -dynamic-linker /lib64/ld-linux-x86-64.so.2 -m elf_x86_64 -o a.out -L/usr/local/pace-apps/spack/packages/0.12/linux-rhel7-x86_64/gcc-4.8.5/gcc-8.3.0-opnwtdjumg2hxo4ljvnx77ugb6afmvj3/lib64 -L/usr/local/pace-apps/spack/packages/0.13/linux-rhel7-x86_64/gcc-4.8.5/intel-parallel-studio-cluster.2019.5-rde2uvgb2mq2x6obqaklxppmycfngjgm/clck/2019.5/lib/intel64 -L/usr/local/pace-apps/spack/packages/0.13/linux-rhel7-x86_64/gcc-4.8.5/intel-parallel-studio-cluster.2019.5-rde2uvgb2mq2x6obqaklxppmycfngjgm/compilers_and_libraries_2019.5.281/linux/mpi/intel64/libfabric/lib -L/usr/local/pace-apps/spack/packages/0.13/linux-rhel7-x86_64/gcc-4.8.5/intel-parallel-studio-cluster.2019.5-rde2uvgb2mq2x6obqaklxppmycfngjgm/compilers_and_libraries_2019.5.281/linux/ipp/lib/intel64 -L/usr/local/pace-apps/spack/packages/0.13/linux-rhel7-x86_64/gcc-4.8.5/intel-parallel-studio-cluster.2019.5-rde2uvgb2mq2x6obqaklxppmycfngjgm/compilers_and_libraries_2019.5.281/linux/compiler/lib/intel64_lin -L/usr/local/pace-apps/spack/packages/0.13/linux-rhel7-x86_64/gcc-4.8.5/intel-parallel-studio-cluster.2019.5-rde2uvgb2mq2x6obqaklxppmycfngjgm/compilers_and_libraries_2019.5.281/linux/mkl/lib/intel64_lin -L/usr/local/pace-apps/spack/packages/0.13/linux-rhel7-x86_64/gcc-4.8.5/intel-parallel-studio-cluster.2019.5-rde2uvgb2mq2x6obqaklxppmycfngjgm/compilers_and_libraries_2019.5.281/linux/tbb/lib/intel64/gcc4.7 -L/usr/local/pace-apps/spack/packages/0.13/linux-rhel7-x86_64/gcc-4.8.5/intel-parallel-studio-cluster.2019.5-rde2uvgb2mq2x6obqaklxppmycfngjgm/compilers_and_libraries_2019.5.281/linux/daal/lib/intel64_lin -L/usr/local/pace-apps/spack/packages/0.13/linux-rhel7-x86_64/gcc-4.8.5/intel-parallel-studio-cluster.2019.5-rde2uvgb2mq2x6obqaklxppmycfngjgm/compilers_and_libraries_2019.5.281/linux/daal/../tbb/lib/intel64_lin/gcc4.4 -L/usr/local/pace-apps/spack/packages/0.13/linux-rhel7-x86_64/gcc-4.8.5/intel-parallel-studio-cluster.2019.5-rde2uvgb2mq2x6obqaklxppmycfngjgm/lib -L/storage/pace-apps/spack/packages/0.13/linux-rhel7-x86_64/gcc-4.8.5/intel-parallel-studio-cluster.2019.5-rde2uvgb2mq2x6obqaklxppmycfngjgm/compilers_and_libraries_2019.5.281/linux/compiler/lib/intel64_lin -L/storage/pace-apps/spack/packages/0.12/linux-rhel7-x86_64/gcc-4.8.5/gcc-8.3.0-opnwtdjumg2hxo4ljvnx77ugb6afmvj3/bin/../lib/gcc/x86_64-pc-linux-gnu/8.3.0/ -L/storage/pace-apps/spack/packages/0.12/linux-rhel7-x86_64/gcc-4.8.5/gcc-8.3.0-opnwtdjumg2hxo4ljvnx77ugb6afmvj3/bin/../lib/gcc/ -L/usr/local/pace-apps/spack/packages/0.12/linux-rhel7-x86_64/gcc-4.8.5/gcc-8.3.0-opnwtdjumg2hxo4ljvnx77ugb6afmvj3/lib64/../lib64 -L/usr/local/pace-apps/spack/packages/0.12/linux-rhel7-x86_64/gcc-4.8.5/gcc-8.3.0-opnwtdjumg2hxo4ljvnx77ugb6afmvj3/lib64/../lib64/ -L/storage/pace-apps/spack/packages/0.12/linux-rhel7-x86_64/gcc-4.8.5/gcc-8.3.0-opnwtdjumg2hxo4ljvnx77ugb6afmvj3/bin/../lib/gcc/x86_64-pc-linux-gnu/8.3.0/../../../../lib64 -L/storage/pace-apps/spack/packages/0.12/linux-rhel7-x86_64/gcc-4.8.5/gcc-8.3.0-opnwtdjumg2hxo4ljvnx77ugb6afmvj3/bin/../lib/gcc/x86_64-pc-linux-gnu/8.3.0/../../../../lib64/ -L/lib/../lib64 -L/lib/../lib64/ -L/usr/lib/../lib64 -L/usr/lib/../lib64/ -L/usr/local/pace-apps/spack/packages/0.12/linux-rhel7-x86_64/gcc-4.8.5/gcc-8.3.0-opnwtdjumg2hxo4ljvnx77ugb6afmvj3/lib64 -L/usr/local/pace-apps/spack/packages/0.12/linux-rhel7-x86_64/gcc-4.8.5/gcc-8.3.0-opnwtdjumg2hxo4ljvnx77ugb6afmvj3/lib64/ -L/usr/local/pace-apps/spack/packages/0.13/linux-rhel7-x86_64/gcc-4.8.5/intel-parallel-studio-cluster.2019.5-rde2uvgb2mq2x6obqaklxppmycfngjgm/clck/2019.5/lib/intel64/ -L/usr/local/pace-apps/spack/packages/0.13/linux-rhel7-x86_64/gcc-4.8.5/intel-parallel-studio-cluster.2019.5-rde2uvgb2mq2x6obqaklxppmycfngjgm/compilers_and_libraries_2019.5.281/linux/mpi/intel64/libfabric/lib/ -L/usr/local/pace-apps/spack/packages/0.13/linux-rhel7-x86_64/gcc-4.8.5/intel-parallel-studio-cluster.2019.5-rde2uvgb2mq2x6obqaklxppmycfngjgm/compilers_and_libraries_2019.5.281/linux/ipp/lib/intel64/ -L/usr/local/pace-apps/spack/packages/0.13/linux-rhel7-x86_64/gcc-4.8.5/intel-parallel-studio-cluster.2019.5-rde2uvgb2mq2x6obqaklxppmycfngjgm/compilers_and_libraries_2019.5.281/linux/compiler/lib/intel64_lin/ -L/usr/local/pace-apps/spack/packages/0.13/linux-rhel7-x86_64/gcc-4.8.5/intel-parallel-studio-cluster.2019.5-rde2uvgb2mq2x6obqaklxppmycfngjgm/compilers_and_libraries_2019.5.281/linux/mkl/lib/intel64_lin/ -L/usr/local/pace-apps/spack/packages/0.13/linux-rhel7-x86_64/gcc-4.8.5/intel-parallel-studio-cluster.2019.5-rde2uvgb2mq2x6obqaklxppmycfngjgm/compilers_and_libraries_2019.5.281/linux/tbb/lib/intel64/gcc4.7/ -L/usr/local/pace-apps/spack/packages/0.13/linux-rhel7-x86_64/gcc-4.8.5/intel-parallel-studio-cluster.2019.5-rde2uvgb2mq2x6obqaklxppmycfngjgm/compilers_and_libraries_2019.5.281/linux/daal/lib/intel64_lin/ -L/usr/local/pace-apps/spack/packages/0.13/linux-rhel7-x86_64/gcc-4.8.5/intel-parallel-studio-cluster.2019.5-rde2uvgb2mq2x6obqaklxppmycfngjgm/compilers_and_libraries_2019.5.281/linux/daal/../tbb/lib/intel64_lin/gcc4.4/ -L/usr/local/pace-apps/spack/packages/0.13/linux-rhel7-x86_64/gcc-4.8.5/intel-parallel-studio-cluster.2019.5-rde2uvgb2mq2x6obqaklxppmycfngjgm/lib/ -L/storage/pace-apps/spack/packages/0.12/linux-rhel7-x86_64/gcc-4.8.5/gcc-8.3.0-opnwtdjumg2hxo4ljvnx77ugb6afmvj3/bin/../lib/gcc/x86_64-pc-linux-gnu/8.3.0/../../../ -L/lib64 -L/lib/ -L/usr/lib64 -L/usr/lib -rpath=/usr/local/pace-apps/spack/packages/0.13/linux-rhel7-x86_64/gcc-4.8.5/intel-parallel-studio-cluster.2019.5-rde2uvgb2mq2x6obqaklxppmycfngjgm/compilers_and_libraries_2019.5.281/linux/compiler/lib/intel64 -Bdynamic -Bstatic -limf -lsvml -lirng -Bdynamic -lm -Bstatic -lipgo -ldecimal --as-needed -Bdynamic -lcilkrts -lstdc++ --no-as-needed -lgcc -lgcc_s -Bstatic -lirc -lsvml -Bdynamic -lc -lgcc -lgcc_s -Bstatic -lirc_s -Bdynamic -ldl -lc /storage/pace-apps/spack/packages/0.12/linux-rhel7-x86_64/gcc-4.8.5/gcc-8.3.0-opnwtdjumg2hxo4ljvnx77ugb6afmvj3/bin/../lib/gcc/x86_64-pc-linux-gnu/8.3.0/crtend.o /lib/../lib64/crtn.o
/lib/../lib64/crt1.o: In function `_start':
(.text+0x20): undefined reference to `main'
configure:3392: $? = 1
configure:3381: icc -V >&5
GNU ld version 2.27-34.base.el7
Intel(R) C Intel(R) 64 Compiler for applications running on Intel(R) 64, Version 19.0.5.281 Build 20190815
Copyright (C) 1985-2019 Intel Corporation.  All rights reserved.

/lib/../lib64/crt1.o: In function `_start':
(.text+0x20): undefined reference to `main'
configure:3392: $? = 1
configure:3381: icc -qversion >&5
icc: command line warning #10006: ignoring unknown option '-qversion'
/lib/../lib64/crt1.o: In function `_start':
(.text+0x20): undefined reference to `main'
configure:3392: $? = 1
configure:3412: checking whether the C compiler works
configure:3434: icc -I/usr/local/pace-apps/manual/packages/cuda/10.1/include   -I/usr/local/pace-apps/manual/packages/cuda/10.1/include  -DNETMOD_INLINE=__netmod_inline_ucx__ -I/storage/home/hhive1/hhuang368/scratch/mpich-3.4b1-src/src/mpl/include -I/storage/home/hhive1/hhuang368/scratch/mpich-3.4b1-src/src/mpl/include -L/usr/local/pace-apps/manual/packages/cuda/10.1/lib64 conftest.c  >&5
configure:3438: $? = 0
configure:3486: result: yes
configure:3489: checking for C compiler default output file name
configure:3491: result: a.out
configure:3497: checking for suffix of executables
configure:3504: icc -o conftest -I/usr/local/pace-apps/manual/packages/cuda/10.1/include   -I/usr/local/pace-apps/manual/packages/cuda/10.1/include  -DNETMOD_INLINE=__netmod_inline_ucx__ -I/storage/home/hhive1/hhuang368/scratch/mpich-3.4b1-src/src/mpl/include -I/storage/home/hhive1/hhuang368/scratch/mpich-3.4b1-src/src/mpl/include -L/usr/local/pace-apps/manual/packages/cuda/10.1/lib64 conftest.c  >&5
configure:3508: $? = 0
configure:3530: result: 
configure:3552: checking whether we are cross compiling
configure:3560: icc -o conftest -I/usr/local/pace-apps/manual/packages/cuda/10.1/include   -I/usr/local/pace-apps/manual/packages/cuda/10.1/include  -DNETMOD_INLINE=__netmod_inline_ucx__ -I/storage/home/hhive1/hhuang368/scratch/mpich-3.4b1-src/src/mpl/include -I/storage/home/hhive1/hhuang368/scratch/mpich-3.4b1-src/src/mpl/include -L/usr/local/pace-apps/manual/packages/cuda/10.1/lib64 conftest.c  >&5
configure:3564: $? = 0
configure:3571: ./conftest
configure:3575: $? = 0
configure:3590: result: no
configure:3595: checking for suffix of object files
configure:3617: icc -c -I/usr/local/pace-apps/manual/packages/cuda/10.1/include   -I/usr/local/pace-apps/manual/packages/cuda/10.1/include  -DNETMOD_INLINE=__netmod_inline_ucx__ -I/storage/home/hhive1/hhuang368/scratch/mpich-3.4b1-src/src/mpl/include -I/storage/home/hhive1/hhuang368/scratch/mpich-3.4b1-src/src/mpl/include conftest.c >&5
configure:3621: $? = 0
configure:3642: result: o
configure:3646: checking whether we are using the GNU C compiler
configure:3665: icc -c -I/usr/local/pace-apps/manual/packages/cuda/10.1/include   -I/usr/local/pace-apps/manual/packages/cuda/10.1/include  -DNETMOD_INLINE=__netmod_inline_ucx__ -I/storage/home/hhive1/hhuang368/scratch/mpich-3.4b1-src/src/mpl/include -I/storage/home/hhive1/hhuang368/scratch/mpich-3.4b1-src/src/mpl/include conftest.c >&5
configure:3665: $? = 0
configure:3674: result: yes
configure:3683: checking whether icc accepts -g
configure:3703: icc -c -g -I/usr/local/pace-apps/manual/packages/cuda/10.1/include  -DNETMOD_INLINE=__netmod_inline_ucx__ -I/storage/home/hhive1/hhuang368/scratch/mpich-3.4b1-src/src/mpl/include -I/storage/home/hhive1/hhuang368/scratch/mpich-3.4b1-src/src/mpl/include conftest.c >&5
configure:3703: $? = 0
configure:3744: result: yes
configure:3761: checking for icc option to accept ISO C89
configure:3824: icc  -c -I/usr/local/pace-apps/manual/packages/cuda/10.1/include   -I/usr/local/pace-apps/manual/packages/cuda/10.1/include  -DNETMOD_INLINE=__netmod_inline_ucx__ -I/storage/home/hhive1/hhuang368/scratch/mpich-3.4b1-src/src/mpl/include -I/storage/home/hhive1/hhuang368/scratch/mpich-3.4b1-src/src/mpl/include conftest.c >&5
configure:3824: $? = 0
configure:3837: result: none needed
configure:3862: checking whether icc understands -c and -o together
configure:3884: icc -c conftest.c -o conftest2.o
configure:3887: $? = 0
configure:3884: icc -c conftest.c -o conftest2.o
configure:3887: $? = 0
configure:3899: result: yes
configure:3918: checking dependency style of icc
configure:4029: result: gcc3
configure:4053: checking dependency style of icc
configure:4162: result: gcc3
configure:4233: checking for ar
configure:4249: found /bin/ar
configure:4260: result: ar
configure:4286: checking the archiver (ar) interface
configure:4302: icc -c -I/usr/local/pace-apps/manual/packages/cuda/10.1/include   -I/usr/local/pace-apps/manual/packages/cuda/10.1/include  -DNETMOD_INLINE=__netmod_inline_ucx__ -I/storage/home/hhive1/hhuang368/scratch/mpich-3.4b1-src/src/mpl/include -I/storage/home/hhive1/hhuang368/scratch/mpich-3.4b1-src/src/mpl/include conftest.c >&5
configure:4302: $? = 0
configure:4304: ar cru libconftest.a conftest.o >&5
configure:4307: $? = 0
configure:4335: result: ar
configure:4385: checking build system type
configure:4399: result: x86_64-unknown-linux-gnu
configure:4419: checking host system type
configure:4432: result: x86_64-unknown-linux-gnu
configure:4473: checking how to print strings
configure:4500: result: printf
configure:4521: checking for a sed that does not truncate output
configure:4585: result: /bin/sed
configure:4603: checking for grep that handles long lines and -e
configure:4661: result: /bin/grep
configure:4666: checking for egrep
configure:4728: result: /bin/grep -E
configure:4733: checking for fgrep
configure:4795: result: /bin/grep -F
configure:4830: checking for ld used by icc
configure:4897: result: /usr/local/pace-apps/manual/packages/xalt/2.8.4/bin/ld
configure:4904: checking if the linker (/usr/local/pace-apps/manual/packages/xalt/2.8.4/bin/ld) is GNU ld
configure:4919: result: yes
configure:4931: checking for BSD- or MS-compatible name lister (nm)
configure:4985: result: /bin/nm -B
configure:5115: checking the name lister (/bin/nm -B) interface
configure:5122: icc -c -I/usr/local/pace-apps/manual/packages/cuda/10.1/include   -I/usr/local/pace-apps/manual/packages/cuda/10.1/include  -DNETMOD_INLINE=__netmod_inline_ucx__ -I/storage/home/hhive1/hhuang368/scratch/mpich-3.4b1-src/src/mpl/include -I/storage/home/hhive1/hhuang368/scratch/mpich-3.4b1-src/src/mpl/include conftest.c >&5
configure:5125: /bin/nm -B "conftest.o"
configure:5128: output
0000000000000000 B some_variable
configure:5135: result: BSD nm
configure:5138: checking whether ln -s works
configure:5142: result: yes
configure:5150: checking the maximum length of command line arguments
configure:5281: result: 3458764513820540925
configure:5329: checking how to convert x86_64-unknown-linux-gnu file names to x86_64-unknown-linux-gnu format
configure:5369: result: func_convert_file_noop
configure:5376: checking how to convert x86_64-unknown-linux-gnu file names to toolchain format
configure:5396: result: func_convert_file_noop
configure:5403: checking for /usr/local/pace-apps/manual/packages/xalt/2.8.4/bin/ld option to reload object files
configure:5410: result: -r
configure:5484: checking for objdump
configure:5500: found /bin/objdump
configure:5511: result: objdump
configure:5543: checking how to recognize dependent libraries
configure:5743: result: pass_all
configure:5828: checking for dlltool
configure:5858: result: no
configure:5888: checking how to associate runtime and link libraries
configure:5915: result: printf %s\n
configure:6039: checking for archiver @FILE support
configure:6056: icc -c -I/usr/local/pace-apps/manual/packages/cuda/10.1/include   -I/usr/local/pace-apps/manual/packages/cuda/10.1/include  -DNETMOD_INLINE=__netmod_inline_ucx__ -I/storage/home/hhive1/hhuang368/scratch/mpich-3.4b1-src/src/mpl/include -I/storage/home/hhive1/hhuang368/scratch/mpich-3.4b1-src/src/mpl/include conftest.c >&5
configure:6056: $? = 0
configure:6059: ar cru libconftest.a @conftest.lst >&5
configure:6062: $? = 0
configure:6067: ar cru libconftest.a @conftest.lst >&5
ar: conftest.o: No such file or directory
configure:6070: $? = 1
configure:6082: result: @
configure:6140: checking for strip
configure:6156: found /bin/strip
configure:6167: result: strip
configure:6239: checking for ranlib
configure:6255: found /bin/ranlib
configure:6266: result: ranlib
configure:6368: checking command to parse /bin/nm -B output from icc object
configure:6521: icc -c -I/usr/local/pace-apps/manual/packages/cuda/10.1/include   -I/usr/local/pace-apps/manual/packages/cuda/10.1/include  -DNETMOD_INLINE=__netmod_inline_ucx__ -I/storage/home/hhive1/hhuang368/scratch/mpich-3.4b1-src/src/mpl/include -I/storage/home/hhive1/hhuang368/scratch/mpich-3.4b1-src/src/mpl/include conftest.c >&5
configure:6524: $? = 0
configure:6528: /bin/nm -B conftest.o \| sed -n -e 's/^.*[ ]\([ABCDGIRSTW][ABCDGIRSTW]*\)[ ][ ]*\([_A-Za-z][_A-Za-z0-9]*\)$/\1 \2 \2/p' | sed '/ __gnu_lto/d' \> conftest.nm
configure:6531: $? = 0
configure:6597: icc -o conftest -I/usr/local/pace-apps/manual/packages/cuda/10.1/include   -I/usr/local/pace-apps/manual/packages/cuda/10.1/include  -DNETMOD_INLINE=__netmod_inline_ucx__ -I/storage/home/hhive1/hhuang368/scratch/mpich-3.4b1-src/src/mpl/include -I/storage/home/hhive1/hhuang368/scratch/mpich-3.4b1-src/src/mpl/include -L/usr/local/pace-apps/manual/packages/cuda/10.1/lib64 conftest.c conftstm.o >&5
configure:6600: $? = 0
configure:6638: result: ok
configure:6685: checking for sysroot
configure:6715: result: no
configure:6722: checking for a working dd
configure:6760: result: /bin/dd
configure:6764: checking how to truncate binary pipes
configure:6779: result: /bin/dd bs=4096 count=1
configure:6915: icc -c -I/usr/local/pace-apps/manual/packages/cuda/10.1/include   -I/usr/local/pace-apps/manual/packages/cuda/10.1/include  -DNETMOD_INLINE=__netmod_inline_ucx__ -I/storage/home/hhive1/hhuang368/scratch/mpich-3.4b1-src/src/mpl/include -I/storage/home/hhive1/hhuang368/scratch/mpich-3.4b1-src/src/mpl/include conftest.c >&5
configure:6918: $? = 0
configure:7108: checking for mt
configure:7138: result: no
configure:7158: checking if : is a manifest tool
configure:7164: : '-?'
configure:7172: result: no
configure:7849: checking how to run the C preprocessor
configure:7880: icc -E -I/usr/local/pace-apps/manual/packages/cuda/10.1/include  -DNETMOD_INLINE=__netmod_inline_ucx__ -I/storage/home/hhive1/hhuang368/scratch/mpich-3.4b1-src/src/mpl/include -I/storage/home/hhive1/hhuang368/scratch/mpich-3.4b1-src/src/mpl/include conftest.c
configure:7880: $? = 0
configure:7894: icc -E -I/usr/local/pace-apps/manual/packages/cuda/10.1/include  -DNETMOD_INLINE=__netmod_inline_ucx__ -I/storage/home/hhive1/hhuang368/scratch/mpich-3.4b1-src/src/mpl/include -I/storage/home/hhive1/hhuang368/scratch/mpich-3.4b1-src/src/mpl/include conftest.c
conftest.c(11): error #2379: cannot open source file "ac_nonexistent.h"
  #include <ac_nonexistent.h>
                             ^

configure:7894: $? = 2
configure: failed program was:
| /* confdefs.h */
| #define PACKAGE_NAME "yaksa"
| #define PACKAGE_TARNAME "yaksa"
| #define PACKAGE_VERSION "unreleased"
| #define PACKAGE_STRING "yaksa unreleased"
| #define PACKAGE_BUGREPORT ""
| #define PACKAGE_URL ""
| #define PACKAGE "yaksa"
| #define VERSION "unreleased"
| /* end confdefs.h.  */
| #include <ac_nonexistent.h>
configure:7919: result: icc -E
configure:7939: icc -E -I/usr/local/pace-apps/manual/packages/cuda/10.1/include  -DNETMOD_INLINE=__netmod_inline_ucx__ -I/storage/home/hhive1/hhuang368/scratch/mpich-3.4b1-src/src/mpl/include -I/storage/home/hhive1/hhuang368/scratch/mpich-3.4b1-src/src/mpl/include conftest.c
configure:7939: $? = 0
configure:7953: icc -E -I/usr/local/pace-apps/manual/packages/cuda/10.1/include  -DNETMOD_INLINE=__netmod_inline_ucx__ -I/storage/home/hhive1/hhuang368/scratch/mpich-3.4b1-src/src/mpl/include -I/storage/home/hhive1/hhuang368/scratch/mpich-3.4b1-src/src/mpl/include conftest.c
conftest.c(11): error #2379: cannot open source file "ac_nonexistent.h"
  #include <ac_nonexistent.h>
                             ^

configure:7953: $? = 2
configure: failed program was:
| /* confdefs.h */
| #define PACKAGE_NAME "yaksa"
| #define PACKAGE_TARNAME "yaksa"
| #define PACKAGE_VERSION "unreleased"
| #define PACKAGE_STRING "yaksa unreleased"
| #define PACKAGE_BUGREPORT ""
| #define PACKAGE_URL ""
| #define PACKAGE "yaksa"
| #define VERSION "unreleased"
| /* end confdefs.h.  */
| #include <ac_nonexistent.h>
configure:7982: checking for ANSI C header files
configure:8002: icc -c -I/usr/local/pace-apps/manual/packages/cuda/10.1/include   -I/usr/local/pace-apps/manual/packages/cuda/10.1/include  -DNETMOD_INLINE=__netmod_inline_ucx__ -I/storage/home/hhive1/hhuang368/scratch/mpich-3.4b1-src/src/mpl/include -I/storage/home/hhive1/hhuang368/scratch/mpich-3.4b1-src/src/mpl/include conftest.c >&5
configure:8002: $? = 0
configure:8075: icc -o conftest -I/usr/local/pace-apps/manual/packages/cuda/10.1/include   -I/usr/local/pace-apps/manual/packages/cuda/10.1/include  -DNETMOD_INLINE=__netmod_inline_ucx__ -I/storage/home/hhive1/hhuang368/scratch/mpich-3.4b1-src/src/mpl/include -I/storage/home/hhive1/hhuang368/scratch/mpich-3.4b1-src/src/mpl/include -L/usr/local/pace-apps/manual/packages/cuda/10.1/lib64 conftest.c  >&5
configure:8075: $? = 0
configure:8075: ./conftest
configure:8075: $? = 0
configure:8086: result: yes
configure:8099: checking for sys/types.h
configure:8099: icc -c -I/usr/local/pace-apps/manual/packages/cuda/10.1/include   -I/usr/local/pace-apps/manual/packages/cuda/10.1/include  -DNETMOD_INLINE=__netmod_inline_ucx__ -I/storage/home/hhive1/hhuang368/scratch/mpich-3.4b1-src/src/mpl/include -I/storage/home/hhive1/hhuang368/scratch/mpich-3.4b1-src/src/mpl/include conftest.c >&5
configure:8099: $? = 0
configure:8099: result: yes
configure:8099: checking for sys/stat.h
configure:8099: icc -c -I/usr/local/pace-apps/manual/packages/cuda/10.1/include   -I/usr/local/pace-apps/manual/packages/cuda/10.1/include  -DNETMOD_INLINE=__netmod_inline_ucx__ -I/storage/home/hhive1/hhuang368/scratch/mpich-3.4b1-src/src/mpl/include -I/storage/home/hhive1/hhuang368/scratch/mpich-3.4b1-src/src/mpl/include conftest.c >&5
configure:8099: $? = 0
configure:8099: result: yes
configure:8099: checking for stdlib.h
configure:8099: icc -c -I/usr/local/pace-apps/manual/packages/cuda/10.1/include   -I/usr/local/pace-apps/manual/packages/cuda/10.1/include  -DNETMOD_INLINE=__netmod_inline_ucx__ -I/storage/home/hhive1/hhuang368/scratch/mpich-3.4b1-src/src/mpl/include -I/storage/home/hhive1/hhuang368/scratch/mpich-3.4b1-src/src/mpl/include conftest.c >&5
configure:8099: $? = 0
configure:8099: result: yes
configure:8099: checking for string.h
configure:8099: icc -c -I/usr/local/pace-apps/manual/packages/cuda/10.1/include   -I/usr/local/pace-apps/manual/packages/cuda/10.1/include  -DNETMOD_INLINE=__netmod_inline_ucx__ -I/storage/home/hhive1/hhuang368/scratch/mpich-3.4b1-src/src/mpl/include -I/storage/home/hhive1/hhuang368/scratch/mpich-3.4b1-src/src/mpl/include conftest.c >&5
configure:8099: $? = 0
configure:8099: result: yes
configure:8099: checking for memory.h
configure:8099: icc -c -I/usr/local/pace-apps/manual/packages/cuda/10.1/include   -I/usr/local/pace-apps/manual/packages/cuda/10.1/include  -DNETMOD_INLINE=__netmod_inline_ucx__ -I/storage/home/hhive1/hhuang368/scratch/mpich-3.4b1-src/src/mpl/include -I/storage/home/hhive1/hhuang368/scratch/mpich-3.4b1-src/src/mpl/include conftest.c >&5
configure:8099: $? = 0
configure:8099: result: yes
configure:8099: checking for strings.h
configure:8099: icc -c -I/usr/local/pace-apps/manual/packages/cuda/10.1/include   -I/usr/local/pace-apps/manual/packages/cuda/10.1/include  -DNETMOD_INLINE=__netmod_inline_ucx__ -I/storage/home/hhive1/hhuang368/scratch/mpich-3.4b1-src/src/mpl/include -I/storage/home/hhive1/hhuang368/scratch/mpich-3.4b1-src/src/mpl/include conftest.c >&5
configure:8099: $? = 0
configure:8099: result: yes
configure:8099: checking for inttypes.h
configure:8099: icc -c -I/usr/local/pace-apps/manual/packages/cuda/10.1/include   -I/usr/local/pace-apps/manual/packages/cuda/10.1/include  -DNETMOD_INLINE=__netmod_inline_ucx__ -I/storage/home/hhive1/hhuang368/scratch/mpich-3.4b1-src/src/mpl/include -I/storage/home/hhive1/hhuang368/scratch/mpich-3.4b1-src/src/mpl/include conftest.c >&5
configure:8099: $? = 0
configure:8099: result: yes
configure:8099: checking for stdint.h
configure:8099: icc -c -I/usr/local/pace-apps/manual/packages/cuda/10.1/include   -I/usr/local/pace-apps/manual/packages/cuda/10.1/include  -DNETMOD_INLINE=__netmod_inline_ucx__ -I/storage/home/hhive1/hhuang368/scratch/mpich-3.4b1-src/src/mpl/include -I/storage/home/hhive1/hhuang368/scratch/mpich-3.4b1-src/src/mpl/include conftest.c >&5
configure:8099: $? = 0
configure:8099: result: yes
configure:8099: checking for unistd.h
configure:8099: icc -c -I/usr/local/pace-apps/manual/packages/cuda/10.1/include   -I/usr/local/pace-apps/manual/packages/cuda/10.1/include  -DNETMOD_INLINE=__netmod_inline_ucx__ -I/storage/home/hhive1/hhuang368/scratch/mpich-3.4b1-src/src/mpl/include -I/storage/home/hhive1/hhuang368/scratch/mpich-3.4b1-src/src/mpl/include conftest.c >&5
configure:8099: $? = 0
configure:8099: result: yes
configure:8113: checking for dlfcn.h
configure:8113: icc -c -I/usr/local/pace-apps/manual/packages/cuda/10.1/include   -I/usr/local/pace-apps/manual/packages/cuda/10.1/include  -DNETMOD_INLINE=__netmod_inline_ucx__ -I/storage/home/hhive1/hhuang368/scratch/mpich-3.4b1-src/src/mpl/include -I/storage/home/hhive1/hhuang368/scratch/mpich-3.4b1-src/src/mpl/include conftest.c >&5
configure:8113: $? = 0
configure:8113: result: yes
configure:8369: checking for objdir
configure:8384: result: .libs
configure:8648: checking if icc supports -fno-rtti -fno-exceptions
configure:8666: icc -c -I/usr/local/pace-apps/manual/packages/cuda/10.1/include   -I/usr/local/pace-apps/manual/packages/cuda/10.1/include  -DNETMOD_INLINE=__netmod_inline_ucx__ -I/storage/home/hhive1/hhuang368/scratch/mpich-3.4b1-src/src/mpl/include -I/storage/home/hhive1/hhuang368/scratch/mpich-3.4b1-src/src/mpl/include -fno-rtti -fno-exceptions conftest.c >&5
configure:8670: $? = 0
configure:8683: result: yes
configure:9041: checking for icc option to produce PIC
configure:9048: result: -fPIC -DPIC
configure:9056: checking if icc PIC flag -fPIC -DPIC works
configure:9074: icc -c -I/usr/local/pace-apps/manual/packages/cuda/10.1/include   -I/usr/local/pace-apps/manual/packages/cuda/10.1/include  -DNETMOD_INLINE=__netmod_inline_ucx__ -I/storage/home/hhive1/hhuang368/scratch/mpich-3.4b1-src/src/mpl/include -I/storage/home/hhive1/hhuang368/scratch/mpich-3.4b1-src/src/mpl/include -fPIC -DPIC -DPIC conftest.c >&5
configure:9078: $? = 0
configure:9091: result: yes
configure:9120: checking if icc static flag -static works
configure:9148: result: yes
configure:9163: checking if icc supports -c -o file.o
configure:9184: icc -c -I/usr/local/pace-apps/manual/packages/cuda/10.1/include   -I/usr/local/pace-apps/manual/packages/cuda/10.1/include  -DNETMOD_INLINE=__netmod_inline_ucx__ -I/storage/home/hhive1/hhuang368/scratch/mpich-3.4b1-src/src/mpl/include -I/storage/home/hhive1/hhuang368/scratch/mpich-3.4b1-src/src/mpl/include -o out/conftest2.o conftest.c >&5
configure:9188: $? = 0
configure:9210: result: yes
configure:9218: checking if icc supports -c -o file.o
configure:9265: result: yes
configure:9298: checking whether the icc linker (/usr/local/pace-apps/manual/packages/xalt/2.8.4/bin/ld -m elf_x86_64) supports shared libraries
configure:10557: result: yes
configure:10594: checking whether -lc should be explicitly linked in
configure:10602: icc -c -I/usr/local/pace-apps/manual/packages/cuda/10.1/include   -I/usr/local/pace-apps/manual/packages/cuda/10.1/include  -DNETMOD_INLINE=__netmod_inline_ucx__ -I/storage/home/hhive1/hhuang368/scratch/mpich-3.4b1-src/src/mpl/include -I/storage/home/hhive1/hhuang368/scratch/mpich-3.4b1-src/src/mpl/include conftest.c >&5
configure:10605: $? = 0
configure:10620: icc -shared  -fPIC -DPIC conftest.o  -v -Wl,-soname -Wl,conftest -o conftest 2\>\&1 \| /bin/grep  -lc  \>/dev/null 2\>\&1
configure:10623: $? = 0
configure:10637: result: no
configure:10797: checking dynamic linker characteristics
configure:11378: icc -o conftest -I/usr/local/pace-apps/manual/packages/cuda/10.1/include   -I/usr/local/pace-apps/manual/packages/cuda/10.1/include  -DNETMOD_INLINE=__netmod_inline_ucx__ -I/storage/home/hhive1/hhuang368/scratch/mpich-3.4b1-src/src/mpl/include -I/storage/home/hhive1/hhuang368/scratch/mpich-3.4b1-src/src/mpl/include -L/usr/local/pace-apps/manual/packages/cuda/10.1/lib64 -Wl,-rpath -Wl,/foo conftest.c  >&5
configure:11378: $? = 0
configure:11615: result: GNU/Linux ld.so
configure:11737: checking how to hardcode library paths into programs
configure:11762: result: immediate
configure:12310: checking whether stripping libraries is possible
configure:12315: result: yes
configure:12350: checking if libtool supports shared libraries
configure:12352: result: yes
configure:12355: checking whether to build shared libraries
configure:12380: result: yes
configure:12383: checking whether to build static libraries
configure:12387: result: yes
configure:12483: checking for gcc
configure:12510: result: icc
configure:12739: checking for C compiler version
configure:12748: icc --version >&5
icc (ICC) 19.0.5.281 20190815
Copyright (C) 1985-2019 Intel Corporation.  All rights reserved.

configure:12759: $? = 0
configure:12748: icc -v >&5
icc version 19.0.5.281 (gcc version 8.3.0 compatibility)
/usr/local/pace-apps/manual/packages/xalt/2.8.4/bin/ld    /lib/../lib64/crt1.o /lib/../lib64/crti.o /storage/pace-apps/spack/packages/0.12/linux-rhel7-x86_64/gcc-4.8.5/gcc-8.3.0-opnwtdjumg2hxo4ljvnx77ugb6afmvj3/bin/../lib/gcc/x86_64-pc-linux-gnu/8.3.0/crtbegin.o --eh-frame-hdr --build-id -dynamic-linker /lib64/ld-linux-x86-64.so.2 -m elf_x86_64 -o a.out -L/usr/local/pace-apps/spack/packages/0.12/linux-rhel7-x86_64/gcc-4.8.5/gcc-8.3.0-opnwtdjumg2hxo4ljvnx77ugb6afmvj3/lib64 -L/usr/local/pace-apps/spack/packages/0.13/linux-rhel7-x86_64/gcc-4.8.5/intel-parallel-studio-cluster.2019.5-rde2uvgb2mq2x6obqaklxppmycfngjgm/clck/2019.5/lib/intel64 -L/usr/local/pace-apps/spack/packages/0.13/linux-rhel7-x86_64/gcc-4.8.5/intel-parallel-studio-cluster.2019.5-rde2uvgb2mq2x6obqaklxppmycfngjgm/compilers_and_libraries_2019.5.281/linux/mpi/intel64/libfabric/lib -L/usr/local/pace-apps/spack/packages/0.13/linux-rhel7-x86_64/gcc-4.8.5/intel-parallel-studio-cluster.2019.5-rde2uvgb2mq2x6obqaklxppmycfngjgm/compilers_and_libraries_2019.5.281/linux/ipp/lib/intel64 -L/usr/local/pace-apps/spack/packages/0.13/linux-rhel7-x86_64/gcc-4.8.5/intel-parallel-studio-cluster.2019.5-rde2uvgb2mq2x6obqaklxppmycfngjgm/compilers_and_libraries_2019.5.281/linux/compiler/lib/intel64_lin -L/usr/local/pace-apps/spack/packages/0.13/linux-rhel7-x86_64/gcc-4.8.5/intel-parallel-studio-cluster.2019.5-rde2uvgb2mq2x6obqaklxppmycfngjgm/compilers_and_libraries_2019.5.281/linux/mkl/lib/intel64_lin -L/usr/local/pace-apps/spack/packages/0.13/linux-rhel7-x86_64/gcc-4.8.5/intel-parallel-studio-cluster.2019.5-rde2uvgb2mq2x6obqaklxppmycfngjgm/compilers_and_libraries_2019.5.281/linux/tbb/lib/intel64/gcc4.7 -L/usr/local/pace-apps/spack/packages/0.13/linux-rhel7-x86_64/gcc-4.8.5/intel-parallel-studio-cluster.2019.5-rde2uvgb2mq2x6obqaklxppmycfngjgm/compilers_and_libraries_2019.5.281/linux/daal/lib/intel64_lin -L/usr/local/pace-apps/spack/packages/0.13/linux-rhel7-x86_64/gcc-4.8.5/intel-parallel-studio-cluster.2019.5-rde2uvgb2mq2x6obqaklxppmycfngjgm/compilers_and_libraries_2019.5.281/linux/daal/../tbb/lib/intel64_lin/gcc4.4 -L/usr/local/pace-apps/spack/packages/0.13/linux-rhel7-x86_64/gcc-4.8.5/intel-parallel-studio-cluster.2019.5-rde2uvgb2mq2x6obqaklxppmycfngjgm/lib -L/storage/pace-apps/spack/packages/0.13/linux-rhel7-x86_64/gcc-4.8.5/intel-parallel-studio-cluster.2019.5-rde2uvgb2mq2x6obqaklxppmycfngjgm/compilers_and_libraries_2019.5.281/linux/compiler/lib/intel64_lin -L/storage/pace-apps/spack/packages/0.12/linux-rhel7-x86_64/gcc-4.8.5/gcc-8.3.0-opnwtdjumg2hxo4ljvnx77ugb6afmvj3/bin/../lib/gcc/x86_64-pc-linux-gnu/8.3.0/ -L/storage/pace-apps/spack/packages/0.12/linux-rhel7-x86_64/gcc-4.8.5/gcc-8.3.0-opnwtdjumg2hxo4ljvnx77ugb6afmvj3/bin/../lib/gcc/ -L/usr/local/pace-apps/spack/packages/0.12/linux-rhel7-x86_64/gcc-4.8.5/gcc-8.3.0-opnwtdjumg2hxo4ljvnx77ugb6afmvj3/lib64/../lib64 -L/usr/local/pace-apps/spack/packages/0.12/linux-rhel7-x86_64/gcc-4.8.5/gcc-8.3.0-opnwtdjumg2hxo4ljvnx77ugb6afmvj3/lib64/../lib64/ -L/storage/pace-apps/spack/packages/0.12/linux-rhel7-x86_64/gcc-4.8.5/gcc-8.3.0-opnwtdjumg2hxo4ljvnx77ugb6afmvj3/bin/../lib/gcc/x86_64-pc-linux-gnu/8.3.0/../../../../lib64 -L/storage/pace-apps/spack/packages/0.12/linux-rhel7-x86_64/gcc-4.8.5/gcc-8.3.0-opnwtdjumg2hxo4ljvnx77ugb6afmvj3/bin/../lib/gcc/x86_64-pc-linux-gnu/8.3.0/../../../../lib64/ -L/lib/../lib64 -L/lib/../lib64/ -L/usr/lib/../lib64 -L/usr/lib/../lib64/ -L/usr/local/pace-apps/spack/packages/0.12/linux-rhel7-x86_64/gcc-4.8.5/gcc-8.3.0-opnwtdjumg2hxo4ljvnx77ugb6afmvj3/lib64 -L/usr/local/pace-apps/spack/packages/0.12/linux-rhel7-x86_64/gcc-4.8.5/gcc-8.3.0-opnwtdjumg2hxo4ljvnx77ugb6afmvj3/lib64/ -L/usr/local/pace-apps/spack/packages/0.13/linux-rhel7-x86_64/gcc-4.8.5/intel-parallel-studio-cluster.2019.5-rde2uvgb2mq2x6obqaklxppmycfngjgm/clck/2019.5/lib/intel64/ -L/usr/local/pace-apps/spack/packages/0.13/linux-rhel7-x86_64/gcc-4.8.5/intel-parallel-studio-cluster.2019.5-rde2uvgb2mq2x6obqaklxppmycfngjgm/compilers_and_libraries_2019.5.281/linux/mpi/intel64/libfabric/lib/ -L/usr/local/pace-apps/spack/packages/0.13/linux-rhel7-x86_64/gcc-4.8.5/intel-parallel-studio-cluster.2019.5-rde2uvgb2mq2x6obqaklxppmycfngjgm/compilers_and_libraries_2019.5.281/linux/ipp/lib/intel64/ -L/usr/local/pace-apps/spack/packages/0.13/linux-rhel7-x86_64/gcc-4.8.5/intel-parallel-studio-cluster.2019.5-rde2uvgb2mq2x6obqaklxppmycfngjgm/compilers_and_libraries_2019.5.281/linux/compiler/lib/intel64_lin/ -L/usr/local/pace-apps/spack/packages/0.13/linux-rhel7-x86_64/gcc-4.8.5/intel-parallel-studio-cluster.2019.5-rde2uvgb2mq2x6obqaklxppmycfngjgm/compilers_and_libraries_2019.5.281/linux/mkl/lib/intel64_lin/ -L/usr/local/pace-apps/spack/packages/0.13/linux-rhel7-x86_64/gcc-4.8.5/intel-parallel-studio-cluster.2019.5-rde2uvgb2mq2x6obqaklxppmycfngjgm/compilers_and_libraries_2019.5.281/linux/tbb/lib/intel64/gcc4.7/ -L/usr/local/pace-apps/spack/packages/0.13/linux-rhel7-x86_64/gcc-4.8.5/intel-parallel-studio-cluster.2019.5-rde2uvgb2mq2x6obqaklxppmycfngjgm/compilers_and_libraries_2019.5.281/linux/daal/lib/intel64_lin/ -L/usr/local/pace-apps/spack/packages/0.13/linux-rhel7-x86_64/gcc-4.8.5/intel-parallel-studio-cluster.2019.5-rde2uvgb2mq2x6obqaklxppmycfngjgm/compilers_and_libraries_2019.5.281/linux/daal/../tbb/lib/intel64_lin/gcc4.4/ -L/usr/local/pace-apps/spack/packages/0.13/linux-rhel7-x86_64/gcc-4.8.5/intel-parallel-studio-cluster.2019.5-rde2uvgb2mq2x6obqaklxppmycfngjgm/lib/ -L/storage/pace-apps/spack/packages/0.12/linux-rhel7-x86_64/gcc-4.8.5/gcc-8.3.0-opnwtdjumg2hxo4ljvnx77ugb6afmvj3/bin/../lib/gcc/x86_64-pc-linux-gnu/8.3.0/../../../ -L/lib64 -L/lib/ -L/usr/lib64 -L/usr/lib -rpath=/usr/local/pace-apps/spack/packages/0.13/linux-rhel7-x86_64/gcc-4.8.5/intel-parallel-studio-cluster.2019.5-rde2uvgb2mq2x6obqaklxppmycfngjgm/compilers_and_libraries_2019.5.281/linux/compiler/lib/intel64 -Bdynamic -Bstatic -limf -lsvml -lirng -Bdynamic -lm -Bstatic -lipgo -ldecimal --as-needed -Bdynamic -lcilkrts -lstdc++ --no-as-needed -lgcc -lgcc_s -Bstatic -lirc -lsvml -Bdynamic -lc -lgcc -lgcc_s -Bstatic -lirc_s -Bdynamic -ldl -lc /storage/pace-apps/spack/packages/0.12/linux-rhel7-x86_64/gcc-4.8.5/gcc-8.3.0-opnwtdjumg2hxo4ljvnx77ugb6afmvj3/bin/../lib/gcc/x86_64-pc-linux-gnu/8.3.0/crtend.o /lib/../lib64/crtn.o
/lib/../lib64/crt1.o: In function `_start':
(.text+0x20): undefined reference to `main'
configure:12759: $? = 1
configure:12748: icc -V >&5
GNU ld version 2.27-34.base.el7
Intel(R) C Intel(R) 64 Compiler for applications running on Intel(R) 64, Version 19.0.5.281 Build 20190815
Copyright (C) 1985-2019 Intel Corporation.  All rights reserved.

/lib/../lib64/crt1.o: In function `_start':
(.text+0x20): undefined reference to `main'
configure:12759: $? = 1
configure:12748: icc -qversion >&5
icc: command line warning #10006: ignoring unknown option '-qversion'
/lib/../lib64/crt1.o: In function `_start':
(.text+0x20): undefined reference to `main'
configure:12759: $? = 1
configure:12763: checking whether we are using the GNU C compiler
configure:12791: result: yes
configure:12800: checking whether icc accepts -g
configure:12861: result: yes
configure:12878: checking for icc option to accept ISO C89
configure:12954: result: none needed
configure:12979: checking whether icc understands -c and -o together
configure:13016: result: yes
configure:13035: checking dependency style of icc
configure:13146: result: gcc3
configure:13161: checking for icc option to accept ISO C99
configure:13310: icc  -c -I/usr/local/pace-apps/manual/packages/cuda/10.1/include   -I/usr/local/pace-apps/manual/packages/cuda/10.1/include  -DNETMOD_INLINE=__netmod_inline_ucx__ -I/storage/home/hhive1/hhuang368/scratch/mpich-3.4b1-src/src/mpl/include -I/storage/home/hhive1/hhuang368/scratch/mpich-3.4b1-src/src/mpl/include conftest.c >&5
configure:13310: $? = 0
configure:13323: result: none needed
configure:13343: checking for ANSI C header files
configure:13447: result: yes
CFLAGS(='-I/usr/local/pace-apps/manual/packages/cuda/10.1/include   ') does not contain '-g', appending
CFLAGS(='-I/usr/local/pace-apps/manual/packages/cuda/10.1/include    -g') does not contain '-O2', appending
configure:14339: checking whether __attribute__ allowed
configure:14356: icc -c -I/usr/local/pace-apps/manual/packages/cuda/10.1/include    -g -O2 -I/usr/local/pace-apps/manual/packages/cuda/10.1/include  -DNETMOD_INLINE=__netmod_inline_ucx__ -I/storage/home/hhive1/hhuang368/scratch/mpich-3.4b1-src/src/mpl/include -I/storage/home/hhive1/hhuang368/scratch/mpich-3.4b1-src/src/mpl/include conftest.c >&5
configure:14356: $? = 0
configure:14363: result: yes
configure:14365: checking whether __attribute__((format)) allowed
configure:14382: icc -c -I/usr/local/pace-apps/manual/packages/cuda/10.1/include    -g -O2 -I/usr/local/pace-apps/manual/packages/cuda/10.1/include  -DNETMOD_INLINE=__netmod_inline_ucx__ -I/storage/home/hhive1/hhuang368/scratch/mpich-3.4b1-src/src/mpl/include -I/storage/home/hhive1/hhuang368/scratch/mpich-3.4b1-src/src/mpl/include conftest.c >&5
configure:14382: $? = 0
configure:14389: result: yes
configure:14402: checking pthread.h usability
configure:14402: icc -c -I/usr/local/pace-apps/manual/packages/cuda/10.1/include    -g -O2 -I/usr/local/pace-apps/manual/packages/cuda/10.1/include  -DNETMOD_INLINE=__netmod_inline_ucx__ -I/storage/home/hhive1/hhuang368/scratch/mpich-3.4b1-src/src/mpl/include -I/storage/home/hhive1/hhuang368/scratch/mpich-3.4b1-src/src/mpl/include conftest.c >&5
configure:14402: $? = 0
configure:14402: result: yes
configure:14402: checking pthread.h presence
configure:14402: icc -E -I/usr/local/pace-apps/manual/packages/cuda/10.1/include  -DNETMOD_INLINE=__netmod_inline_ucx__ -I/storage/home/hhive1/hhuang368/scratch/mpich-3.4b1-src/src/mpl/include -I/storage/home/hhive1/hhuang368/scratch/mpich-3.4b1-src/src/mpl/include conftest.c
configure:14402: $? = 0
configure:14402: result: yes
configure:14402: checking for pthread.h
configure:14402: result: yes
configure:14412: checking for pthread_key_create in -lpthread
configure:14437: icc -o conftest -I/usr/local/pace-apps/manual/packages/cuda/10.1/include    -g -O2 -I/usr/local/pace-apps/manual/packages/cuda/10.1/include  -DNETMOD_INLINE=__netmod_inline_ucx__ -I/storage/home/hhive1/hhuang368/scratch/mpich-3.4b1-src/src/mpl/include -I/storage/home/hhive1/hhuang368/scratch/mpich-3.4b1-src/src/mpl/include -L/usr/local/pace-apps/manual/packages/cuda/10.1/lib64 conftest.c -lpthread   >&5
configure:14437: $? = 0
configure:14446: result: yes
LIBS(='') does not contain '-lpthread', prepending
configure:14602: checking cuda_runtime_api.h usability
configure:14602: icc -c -I/usr/local/pace-apps/manual/packages/cuda/10.1/include    -g -O2 -I/usr/local/pace-apps/manual/packages/cuda/10.1/include  -DNETMOD_INLINE=__netmod_inline_ucx__ -I/storage/home/hhive1/hhuang368/scratch/mpich-3.4b1-src/src/mpl/include -I/storage/home/hhive1/hhuang368/scratch/mpich-3.4b1-src/src/mpl/include conftest.c >&5
configure:14602: $? = 0
configure:14602: result: yes
configure:14602: checking cuda_runtime_api.h presence
configure:14602: icc -E -I/usr/local/pace-apps/manual/packages/cuda/10.1/include  -DNETMOD_INLINE=__netmod_inline_ucx__ -I/storage/home/hhive1/hhuang368/scratch/mpich-3.4b1-src/src/mpl/include -I/storage/home/hhive1/hhuang368/scratch/mpich-3.4b1-src/src/mpl/include conftest.c
configure:14602: $? = 0
configure:14602: result: yes
configure:14602: checking for cuda_runtime_api.h
configure:14602: result: yes
configure:14610: checking for cudaStreamSynchronize in -lcudart
configure:14635: icc -o conftest -I/usr/local/pace-apps/manual/packages/cuda/10.1/include    -g -O2 -I/usr/local/pace-apps/manual/packages/cuda/10.1/include  -DNETMOD_INLINE=__netmod_inline_ucx__ -I/storage/home/hhive1/hhuang368/scratch/mpich-3.4b1-src/src/mpl/include -I/storage/home/hhive1/hhuang368/scratch/mpich-3.4b1-src/src/mpl/include -L/usr/local/pace-apps/manual/packages/cuda/10.1/lib64 conftest.c -lcudart  -lpthread  >&5
configure:14635: $? = 0
configure:14644: result: yes
configure:14664: checking whether nvcc works
configure:14684: result: no
configure:15234: checking that generated files are newer than configure
configure:15240: result: done
configure:15283: creating ./config.status

## ---------------------- ##
## Running config.status. ##
## ---------------------- ##

This file was extended by yaksa config.status unreleased, which was
generated by GNU Autoconf 2.69.  Invocation command line was

  CONFIG_FILES    = 
  CONFIG_HEADERS  = 
  CONFIG_LINKS    = 
  CONFIG_COMMANDS = 
  $ ./config.status 

on atl1-1-01-018-33.pace.gatech.edu

config.status:1108: creating Makefile
config.status:1108: creating Doxyfile
config.status:1108: creating maint/yaksa.pc
config.status:1108: creating src/frontend/include/yaksa.h
config.status:1108: creating src/frontend/include/yaksa_config.h
config.status:1289: src/frontend/include/yaksa_config.h is unchanged
config.status:1337: executing depfiles commands
config.status:1337: executing libtool commands

## ---------------- ##
## Cache variables. ##
## ---------------- ##

ac_cv_build=x86_64-unknown-linux-gnu
ac_cv_c_compiler_gnu=yes
ac_cv_env_CCASFLAGS_set=
ac_cv_env_CCASFLAGS_value=
ac_cv_env_CCAS_set=
ac_cv_env_CCAS_value=
ac_cv_env_CC_set=set
ac_cv_env_CC_value=icc
ac_cv_env_CFLAGS_set=set
ac_cv_env_CFLAGS_value='-I/usr/local/pace-apps/manual/packages/cuda/10.1/include  '
ac_cv_env_CPPFLAGS_set=set
ac_cv_env_CPPFLAGS_value='-I/usr/local/pace-apps/manual/packages/cuda/10.1/include  -DNETMOD_INLINE=__netmod_inline_ucx__ -I/storage/home/hhive1/hhuang368/scratch/mpich-3.4b1-src/src/mpl/include -I/storage/home/hhive1/hhuang368/scratch/mpich-3.4b1-src/src/mpl/include'
ac_cv_env_CPP_set=
ac_cv_env_CPP_value=
ac_cv_env_LDFLAGS_set=set
ac_cv_env_LDFLAGS_value=-L/usr/local/pace-apps/manual/packages/cuda/10.1/lib64
ac_cv_env_LIBS_set=set
ac_cv_env_LIBS_value=
ac_cv_env_LT_SYS_LIBRARY_PATH_set=
ac_cv_env_LT_SYS_LIBRARY_PATH_value=
ac_cv_env_build_alias_set=
ac_cv_env_build_alias_value=
ac_cv_env_host_alias_set=
ac_cv_env_host_alias_value=
ac_cv_env_target_alias_set=
ac_cv_env_target_alias_value=
ac_cv_header_cuda_runtime_api_h=yes
ac_cv_header_dlfcn_h=yes
ac_cv_header_inttypes_h=yes
ac_cv_header_memory_h=yes
ac_cv_header_pthread_h=yes
ac_cv_header_stdc=yes
ac_cv_header_stdint_h=yes
ac_cv_header_stdlib_h=yes
ac_cv_header_string_h=yes
ac_cv_header_strings_h=yes
ac_cv_header_sys_stat_h=yes
ac_cv_header_sys_types_h=yes
ac_cv_header_unistd_h=yes
ac_cv_host=x86_64-unknown-linux-gnu
ac_cv_lib_cudart_cudaStreamSynchronize=yes
ac_cv_lib_pthread_pthread_key_create=yes
ac_cv_objext=o
ac_cv_path_EGREP='/bin/grep -E'
ac_cv_path_FGREP='/bin/grep -F'
ac_cv_path_GREP=/bin/grep
ac_cv_path_SED=/bin/sed
ac_cv_path_install='/bin/install -c'
ac_cv_path_lt_DD=/bin/dd
ac_cv_path_mkdir=/bin/mkdir
ac_cv_prog_AWK=gawk
ac_cv_prog_CPP='icc -E'
ac_cv_prog_ac_ct_AR=ar
ac_cv_prog_ac_ct_CC=icc
ac_cv_prog_ac_ct_OBJDUMP=objdump
ac_cv_prog_ac_ct_RANLIB=ranlib
ac_cv_prog_ac_ct_STRIP=strip
ac_cv_prog_cc_c89=
ac_cv_prog_cc_c99=
ac_cv_prog_cc_g=yes
ac_cv_prog_make_make_set=yes
am_cv_CCAS_dependencies_compiler_type=gcc3
am_cv_CC_dependencies_compiler_type=gcc3
am_cv_ar_interface=ar
am_cv_make_support_nested_variables=yes
am_cv_prog_cc_c_o=yes
lt_cv_ar_at_file=@
lt_cv_archive_cmds_need_lc=no
lt_cv_deplibs_check_method=pass_all
lt_cv_file_magic_cmd='$MAGIC_CMD'
lt_cv_file_magic_test_file=
lt_cv_ld_reload_flag=-r
lt_cv_nm_interface='BSD nm'
lt_cv_objdir=.libs
lt_cv_path_LD=/usr/local/pace-apps/manual/packages/xalt/2.8.4/bin/ld
lt_cv_path_NM='/bin/nm -B'
lt_cv_path_mainfest_tool=no
lt_cv_prog_compiler_c_o=yes
lt_cv_prog_compiler_pic='-fPIC -DPIC'
lt_cv_prog_compiler_pic_works=yes
lt_cv_prog_compiler_rtti_exceptions=yes
lt_cv_prog_compiler_static_works=yes
lt_cv_prog_gnu_ld=yes
lt_cv_sharedlib_from_linklib_cmd='printf %s\n'
lt_cv_shlibpath_overrides_runpath=no
lt_cv_sys_global_symbol_pipe='sed -n -e '\''s/^.*[	 ]\([ABCDGIRSTW][ABCDGIRSTW]*\)[	 ][	 ]*\([_A-Za-z][_A-Za-z0-9]*\)$/\1 \2 \2/p'\'' | sed '\''/ __gnu_lto/d'\'''
lt_cv_sys_global_symbol_to_c_name_address='sed -n -e '\''s/^: \(.*\) .*$/  {"\1", (void *) 0},/p'\'' -e '\''s/^[ABCDGIRSTW][ABCDGIRSTW]* .* \(.*\)$/  {"\1", (void *) \&\1},/p'\'''
lt_cv_sys_global_symbol_to_c_name_address_lib_prefix='sed -n -e '\''s/^: \(.*\) .*$/  {"\1", (void *) 0},/p'\'' -e '\''s/^[ABCDGIRSTW][ABCDGIRSTW]* .* \(lib.*\)$/  {"\1", (void *) \&\1},/p'\'' -e '\''s/^[ABCDGIRSTW][ABCDGIRSTW]* .* \(.*\)$/  {"lib\1", (void *) \&\1},/p'\'''
lt_cv_sys_global_symbol_to_cdecl='sed -n -e '\''s/^T .* \(.*\)$/extern int \1();/p'\'' -e '\''s/^[ABCDGIRSTW][ABCDGIRSTW]* .* \(.*\)$/extern char \1;/p'\'''
lt_cv_sys_global_symbol_to_import=
lt_cv_sys_max_cmd_len=3458764513820540925
lt_cv_to_host_file_cmd=func_convert_file_noop
lt_cv_to_tool_file_cmd=func_convert_file_noop
lt_cv_truncate_bin='/bin/dd bs=4096 count=1'
pac_cv_gnu_attr_format=yes
pac_cv_gnu_attr_pure=yes

## ----------------- ##
## Output variables. ##
## ----------------- ##

ACLOCAL='${SHELL} /storage/home/hhive1/hhuang368/scratch/mpich-3.4b1-src/modules/yaksa/m4/missing aclocal-1.15'
AMDEPBACKSLASH='\'
AMDEP_FALSE='#'
AMDEP_TRUE=''
AMTAR='$${TAR-tar}'
AM_BACKSLASH='\'
AM_DEFAULT_V='$(AM_DEFAULT_VERBOSITY)'
AM_DEFAULT_VERBOSITY='0'
AM_V='$(V)'
AR='ar'
AUTOCONF='${SHELL} /storage/home/hhive1/hhuang368/scratch/mpich-3.4b1-src/modules/yaksa/m4/missing autoconf'
AUTOHEADER='${SHELL} /storage/home/hhive1/hhuang368/scratch/mpich-3.4b1-src/modules/yaksa/m4/missing autoheader'
AUTOMAKE='${SHELL} /storage/home/hhive1/hhuang368/scratch/mpich-3.4b1-src/modules/yaksa/m4/missing automake-1.15'
AWK='gawk'
BUILD_CUDA_BACKEND_FALSE=''
BUILD_CUDA_BACKEND_TRUE='#'
BUILD_CUDA_TESTS_FALSE=''
BUILD_CUDA_TESTS_TRUE='#'
CC='icc'
CCAS='icc'
CCASDEPMODE='depmode=gcc3'
CCASFLAGS='-I/usr/local/pace-apps/manual/packages/cuda/10.1/include  '
CCDEPMODE='depmode=gcc3'
CFLAGS='-I/usr/local/pace-apps/manual/packages/cuda/10.1/include    -g -O2'
CPP='icc -E'
CPPFLAGS='-I/usr/local/pace-apps/manual/packages/cuda/10.1/include  -DNETMOD_INLINE=__netmod_inline_ucx__ -I/storage/home/hhive1/hhuang368/scratch/mpich-3.4b1-src/src/mpl/include -I/storage/home/hhive1/hhuang368/scratch/mpich-3.4b1-src/src/mpl/include'
CUDA_GENCODE=''
CYGPATH_W='echo'
DEFS='-DHAVE_CONFIG_H'
DEPDIR='.deps'
DLLTOOL='false'
DSYMUTIL=''
DUMPBIN=''
ECHO_C=''
ECHO_N='-n'
ECHO_T=''
EGREP='/bin/grep -E'
EMBEDDED_BUILD_FALSE='#'
EMBEDDED_BUILD_TRUE=''
EXEEXT=''
FGREP='/bin/grep -F'
GREP='/bin/grep'
INSTALL_DATA='${INSTALL} -m 644'
INSTALL_PROGRAM='${INSTALL}'
INSTALL_SCRIPT='${INSTALL}'
INSTALL_STRIP_PROGRAM='$(install_sh) -c -s'
LD='/usr/local/pace-apps/manual/packages/xalt/2.8.4/bin/ld -m elf_x86_64'
LDFLAGS='-L/usr/local/pace-apps/manual/packages/cuda/10.1/lib64'
LIBOBJS=''
LIBS='-lcudart -lpthread '
LIBTOOL='$(SHELL) $(top_builddir)/libtool'
LIPO=''
LN_S='ln -s'
LTLIBOBJS=''
LT_SYS_LIBRARY_PATH=''
MAKEINFO='${SHELL} /storage/home/hhive1/hhuang368/scratch/mpich-3.4b1-src/modules/yaksa/m4/missing makeinfo'
MANIFEST_TOOL=':'
MKDIR_P='/bin/mkdir -p'
NM='/bin/nm -B'
NMEDIT=''
NVCC=''
OBJDUMP='objdump'
OBJEXT='o'
OTOOL64=''
OTOOL=''
PACKAGE='yaksa'
PACKAGE_BUGREPORT=''
PACKAGE_NAME='yaksa'
PACKAGE_STRING='yaksa unreleased'
PACKAGE_TARNAME='yaksa'
PACKAGE_URL=''
PACKAGE_VERSION='unreleased'
PATH_SEPARATOR=':'
RANLIB='ranlib'
SED='/bin/sed'
SET_MAKE=''
SHELL='/bin/sh'
STRIP='strip'
VERSION='unreleased'
YAKSA_NUMVERSION='0'
YAKSA_VERSION='unreleased'
ac_ct_AR='ar'
ac_ct_CC='icc'
ac_ct_DUMPBIN=''
am__EXEEXT_FALSE=''
am__EXEEXT_TRUE='#'
am__fastdepCCAS_FALSE='#'
am__fastdepCCAS_TRUE=''
am__fastdepCC_FALSE='#'
am__fastdepCC_TRUE=''
am__include='include'
am__isrc=''
am__leading_dot='.'
am__nodep='_no'
am__quote=''
am__tar='$${TAR-tar} chof - "$$tardir"'
am__untar='$${TAR-tar} xf -'
bindir='${exec_prefix}/bin'
build='x86_64-unknown-linux-gnu'
build_alias=''
build_cpu='x86_64'
build_os='linux-gnu'
build_vendor='unknown'
datadir='${datarootdir}'
datarootdir='${prefix}/share'
docdir='${datarootdir}/doc/${PACKAGE_TARNAME}'
dvidir='${docdir}'
exec_prefix='${prefix}'
host='x86_64-unknown-linux-gnu'
host_alias=''
host_cpu='x86_64'
host_os='linux-gnu'
host_vendor='unknown'
htmldir='${docdir}'
includedir='${prefix}/include'
infodir='${datarootdir}/info'
install_sh='${SHELL} /storage/home/hhive1/hhuang368/scratch/mpich-3.4b1-src/modules/yaksa/m4/install-sh'
libdir='${exec_prefix}/lib'
libexecdir='${exec_prefix}/libexec'
libyaksa_so_version='0:0:0'
localedir='${datarootdir}/locale'
localstatedir='${prefix}/var'
mandir='${datarootdir}/man'
mkdir_p='$(MKDIR_P)'
oldincludedir='/usr/include'
pdfdir='${docdir}'
prefix='/storage/home/hhive1/hhuang368/scratch/mpich/3.4b1/intel/19.0.5/cuda/10.1'
program_transform_name='s,x,x,'
psdir='${docdir}'
sbindir='${exec_prefix}/sbin'
sharedstatedir='${prefix}/com'
sysconfdir='${prefix}/etc'
target_alias=''

## ----------- ##
## confdefs.h. ##
## ----------- ##

/* confdefs.h */
#define PACKAGE_NAME "yaksa"
#define PACKAGE_TARNAME "yaksa"
#define PACKAGE_VERSION "unreleased"
#define PACKAGE_STRING "yaksa unreleased"
#define PACKAGE_BUGREPORT ""
#define PACKAGE_URL ""
#define PACKAGE "yaksa"
#define VERSION "unreleased"
#define STDC_HEADERS 1
#define HAVE_SYS_TYPES_H 1
#define HAVE_SYS_STAT_H 1
#define HAVE_STDLIB_H 1
#define HAVE_STRING_H 1
#define HAVE_MEMORY_H 1
#define HAVE_STRINGS_H 1
#define HAVE_INTTYPES_H 1
#define HAVE_STDINT_H 1
#define HAVE_UNISTD_H 1
#define HAVE_DLFCN_H 1
#define LT_OBJDIR ".libs/"
#define STDC_HEADERS 1
#define HAVE_GCC_ATTRIBUTE 1
#define HAVE_PTHREAD_H 1
#define HAVE_LIBCUDART 1
#define CUDA_P2P CUDA_P2P_ENABLED

configure: exit 0
